Testsuite: com.cronos.onlinereview.scorecard.functionaltests.ScorecardAdminTestSuite
Tests run: 27, Failures: 1, Errors: 17, Time elapsed: 602.875 sec
------------- Standard Output ---------------
10
ROWS:3
ROWS:1
<td width="24" height="25" valign="bottom">
  <img src="images/searchHeaderLeft.gif" alt="" width="24" height="25" border="0"/>
</td>

ROWS:1
<td width="20" class="adminTopNav">
  <img src="images/clear.gif" alt="" width="20" height="21" border="0"/>
</td>

ROWS:1
<td width="46" align="center" class="adminTopNav">
  <a onmouseover="document.images[&apos;siteAdmin&apos;].src = siteAdminon.src; window.status=&apos;Return to Regular Site&apos;; return true;" onmouseout="document.images[&apos;siteAdmin&apos;].src = siteAdminoff.src" class="topNavLinks" href="http://software.topcoder.com">
    <img src="images/siteAdmin_off.gif" alt="RETURN TO SITE" name="siteAdmin" width="84" height="21" border="0"/>
  </a>
</td>

ROWS:2
ROWS:1
<td class="whiteBkgnd" style="height: 100%">
  
            
  <table border="0" cellpadding="0" cellspacing="0" width="100%">
    
                
    <tbody>
      <tr>
        
                    
        <td width="100%" nowrap="" class="tableHeader">
          
                        
          <strong>
            Component Scorecards
          </strong>
          
                    
        </td>
        
                    
        <td align="right">
          &#160;
        </td>
        
                
      </tr>
      
                
      <tr>
        
                    
        <td class="whiteBkgnd" colspan="3">
          <img src="images/clear.gif" alt="" width="1" height="1" border="0"/>
        </td>
        
                
      </tr>
      
            
    </tbody>
  </table>
  
            
            
  <table id="scorecardTable" width="100%" border="0" cellpadding="0" cellspacing="1" class="forumBkgd">
    
                
    <tbody>
      <tr valign="top">
        
                    
        <td class="forumTextEven" colspan="4">
          
                        
          <form name="scorecardForm" method="post" action="/Online_Review/scorecardAdmin.do?actionName=newScorecard">
            
                            
            <input value="Create New Scorecard" type="submit" class="Buttons2" style="width:125px; float:right;"/>
            
                        
          </form>
          
                        
          <strong>
            Filter Scorecard View:
          </strong>
          
                        
          <select id="filterSelect" class="inputBox" style="margin-right:5px;margin-left:5px;" name="status" size="1" onchange="refreshFilter()">
            
                            
            <option value="0">
              Any
            </option>
            
                            
            <option value="1">
              Active Only
            </option>
            
                            
            <option value="2">
              Inactive Only
            </option>
            
                        
          </select>
          &#160;
                    
        </td>
        
                
      </tr>
      
                
                    
      <tr valign="top">
        
                        
        <td class="forumTitle">
          
                            
          <span style="text-decoration: underline">
            Design
          </span>
          
                        
        </td>
        
                        
        <td width="50%" class="forumTitle">
          
                            
          <span style="text-decoration: underline">
            Type
          </span>
          
                        
        </td>
        
                        
        <td class="forumTitle" style="text-align: center" width="30">
          
                            
          <span style="text-decoration: underline">
            Active
          </span>
          
                        
        </td>
        
                    
      </tr>
      
                    
                    
                        
                        
                            
                            
      <tr valign="top">
        
                                
        <td class="forumTextOdd" nowrap="">
          
                                    
                                        
                                        
          <img src="images/iconStatusSpecSm.gif"/>
          
                                    
                                    
                                    
                                    
                                    
                                    
                                    
                                    
                                    
                                    
                                    
                                    
                                    
                                    
                                    
          <strong>
            
                                        
            <a href="/Online_Review/scorecardAdmin.do?actionName=viewScorecard&amp;sid=888">
              Design Screening Scorecard
                                          v
                                            1.1
            </a>
            
                                    
          </strong>
          
                                
        </td>
        
                                
        <td class="forumTextOdd">
          
                                    Screening
                                
        </td>
        
                                
        <td class="forumTextOdd" style="text-align: center">
          
                                    
                                     
                                    
                                        
          <input value="on" type="checkbox" checked="" onclick="sendRequest(&apos;http://localhost:8080/Online_Review/ajaxSupport&apos;, &apos;888&apos;, this); return false;" id="scorecardStatus888"/>
          
                                    
                                    
                                
        </td>
        
                            
      </tr>
      
                        
                    
                
                    
      <tr valign="top">
        
                        
        <td class="forumTitle">
          
                            
          <span style="text-decoration: underline">
            Development
          </span>
          
                        
        </td>
        
                        
        <td width="50%" class="forumTitle">
          
                            
          <span style="text-decoration: underline">
            Type
          </span>
          
                        
        </td>
        
                        
        <td class="forumTitle" style="text-align: center" width="30">
          
                            
          <span style="text-decoration: underline">
            Active
          </span>
          
                        
        </td>
        
                    
      </tr>
      
                    
                    
                        
                        
                            
                            
      <tr valign="top">
        
                                
        <td class="forumTextOdd" nowrap="">
          
                                    
                                    
                                        
                                        
          <img src="images/iconStatusDevSm.gif"/>
          
                                    
                                    
                                    
                                    
                                    
                                    
                                    
                                    
                                    
                                    
                                    
                                    
                                    
                                    
          <strong>
            
                                        
            <a href="/Online_Review/scorecardAdmin.do?actionName=viewScorecard&amp;sid=889">
              Development Review Scorecard
                                          v
                                            1.2
            </a>
            
                                    
          </strong>
          
                                
        </td>
        
                                
        <td class="forumTextOdd">
          
                                    Review
                                
        </td>
        
                                
        <td class="forumTextOdd" style="text-align: center">
          
                                    
                                     
                                    
                                    
                                        
                                        
          <input value="on" type="checkbox" onclick="sendRequest(&apos;http://localhost:8080/Online_Review/ajaxSupport&apos;, &apos;889&apos;, this); return false;" id="scorecardStatus889"/>
          
                                    
                                
        </td>
        
                            
      </tr>
      
                        
                    
                
                    
      <tr valign="top">
        
                        
        <td class="forumTitle">
          
                            
          <span style="text-decoration: underline">
            Security
          </span>
          
                        
        </td>
        
                        
        <td width="50%" class="forumTitle">
          
                            
          <span style="text-decoration: underline">
            Type
          </span>
          
                        
        </td>
        
                        
        <td class="forumTitle" style="text-align: center" width="30">
          
                            
          <span style="text-decoration: underline">
            Active
          </span>
          
                        
        </td>
        
                    
      </tr>
      
                    
                        
      <tr>
        
                            
        <td class="forumTextOdd" nowrap="" colspan="3">
          
                                There are currently no Security Scorecards in the System.
                            
        </td>
        
                        
      </tr>
      
                    
                    
                
                    
      <tr valign="top">
        
                        
        <td class="forumTitle">
          
                            
          <span style="text-decoration: underline">
            Process
          </span>
          
                        
        </td>
        
                        
        <td width="50%" class="forumTitle">
          
                            
          <span style="text-decoration: underline">
            Type
          </span>
          
                        
        </td>
        
                        
        <td class="forumTitle" style="text-align: center" width="30">
          
                            
          <span style="text-decoration: underline">
            Active
          </span>
          
                        
        </td>
        
                    
      </tr>
      
                    
                        
      <tr>
        
                            
        <td class="forumTextOdd" nowrap="" colspan="3">
          
                                There are currently no Process Scorecards in the System.
                            
        </td>
        
                        
      </tr>
      
                    
                    
                
                    
      <tr valign="top">
        
                        
        <td class="forumTitle">
          
                            
          <span style="text-decoration: underline">
            Testing Competition
          </span>
          
                        
        </td>
        
                        
        <td width="50%" class="forumTitle">
          
                            
          <span style="text-decoration: underline">
            Type
          </span>
          
                        
        </td>
        
                        
        <td class="forumTitle" style="text-align: center" width="30">
          
                            
          <span style="text-decoration: underline">
            Active
          </span>
          
                        
        </td>
        
                    
      </tr>
      
                    
                        
      <tr>
        
                            
        <td class="forumTextOdd" nowrap="" colspan="3">
          
                                There are currently no Testing Competition Scorecards in the System.
                            
        </td>
        
                        
      </tr>
      
                    
                    
                
                
      <tr>
        
                    
        <td class="forumHeadFoot" colspan="3" height="5">
          
                        
          <img src="images/clear.gif" alt="" width="10" height="5" border="0"/>
          
                    
        </td>
        
                
      </tr>
      
            
    </tbody>
  </table>
  
            
            
            
  <table border="0" cellpadding="0" cellspacing="1" class="whiteBkgd" width="100%">
    
                
    <tbody>
      <tr>
        
                    
        <td class="forumTextOdd">
          <img src="images/clear.gif" alt="" width="1" height="5" border="0"/>
        </td>
        
                
      </tr>
      
            
    </tbody>
  </table>
  
        
</td>

ROWS:2
ROWS:12
ROWS:1
<td class="forumTextOdd">
  <img src="images/clear.gif" alt="" width="1" height="5" border="0"/>
</td>

ROWS:2
------------- ---------------- ---------------

Testcase: testScenario24 took 96.422 sec
Testcase: testScenario25 took 8.5 sec
Testcase: testScenario26 took 23.453 sec
Testcase: testScenario27 took 22.016 sec
	Caused an ERROR
null
java.lang.NullPointerException
	at com.cronos.onlinereview.scorecard.functionaltests.OnlineReviewUser.getScorecardSummary(OnlineReviewUser.java:330)
	at com.cronos.onlinereview.scorecard.functionaltests.ScenariosViewScorecard.testScenario27(ScenariosViewScorecard.java:133)
	at sun.reflect.NativeMethodAccessorImpl.invoke0(Native Method)
	at sun.reflect.NativeMethodAccessorImpl.invoke(NativeMethodAccessorImpl.java:39)
	at sun.reflect.DelegatingMethodAccessorImpl.invoke(DelegatingMethodAccessorImpl.java:25)

Testcase: testScenario1 took 7.844 sec
Testcase: testScenario2 took 25.125 sec
	Caused an ERROR
0
java.lang.ArrayIndexOutOfBoundsException: 0
	at com.cronos.onlinereview.scorecard.functionaltests.OnlineReviewUser.findElement(OnlineReviewUser.java:736)
	at com.cronos.onlinereview.scorecard.functionaltests.OnlineReviewUser.findElement(OnlineReviewUser.java:722)
	at com.cronos.onlinereview.scorecard.functionaltests.OnlineReviewUser.click(OnlineReviewUser.java:681)
	at com.cronos.onlinereview.scorecard.functionaltests.OnlineReviewUser.createScorecard(OnlineReviewUser.java:347)
	at com.cronos.onlinereview.scorecard.functionaltests.ScenariosCreateScorecard.testScenario2(ScenariosCreateScorecard.java:109)
	at sun.reflect.NativeMethodAccessorImpl.invoke0(Native Method)
	at sun.reflect.NativeMethodAccessorImpl.invoke(NativeMethodAccessorImpl.java:39)
	at sun.reflect.DelegatingMethodAccessorImpl.invoke(DelegatingMethodAccessorImpl.java:25)

Testcase: testScenario3 took 26.828 sec
	Caused an ERROR
0
java.lang.ArrayIndexOutOfBoundsException: 0
	at com.cronos.onlinereview.scorecard.functionaltests.OnlineReviewUser.findElement(OnlineReviewUser.java:736)
	at com.cronos.onlinereview.scorecard.functionaltests.OnlineReviewUser.findElement(OnlineReviewUser.java:722)
	at com.cronos.onlinereview.scorecard.functionaltests.OnlineReviewUser.click(OnlineReviewUser.java:681)
	at com.cronos.onlinereview.scorecard.functionaltests.OnlineReviewUser.createScorecard(OnlineReviewUser.java:347)
	at com.cronos.onlinereview.scorecard.functionaltests.ScenariosCreateScorecard.testScenario3(ScenariosCreateScorecard.java:165)
	at sun.reflect.NativeMethodAccessorImpl.invoke0(Native Method)
	at sun.reflect.NativeMethodAccessorImpl.invoke(NativeMethodAccessorImpl.java:39)
	at sun.reflect.DelegatingMethodAccessorImpl.invoke(DelegatingMethodAccessorImpl.java:25)

Testcase: testScenario4 took 33.281 sec
	Caused an ERROR
0
java.lang.ArrayIndexOutOfBoundsException: 0
	at com.cronos.onlinereview.scorecard.functionaltests.OnlineReviewUser.findElement(OnlineReviewUser.java:736)
	at com.cronos.onlinereview.scorecard.functionaltests.OnlineReviewUser.findElement(OnlineReviewUser.java:722)
	at com.cronos.onlinereview.scorecard.functionaltests.OnlineReviewUser.click(OnlineReviewUser.java:681)
	at com.cronos.onlinereview.scorecard.functionaltests.OnlineReviewUser.createScorecard(OnlineReviewUser.java:347)
	at com.cronos.onlinereview.scorecard.functionaltests.ScenariosCreateScorecard.testScenario4(ScenariosCreateScorecard.java:235)
	at sun.reflect.NativeMethodAccessorImpl.invoke0(Native Method)
	at sun.reflect.NativeMethodAccessorImpl.invoke(NativeMethodAccessorImpl.java:39)
	at sun.reflect.DelegatingMethodAccessorImpl.invoke(DelegatingMethodAccessorImpl.java:25)

Testcase: testScenario5 took 24.656 sec
	Caused an ERROR
0
java.lang.ArrayIndexOutOfBoundsException: 0
	at com.cronos.onlinereview.scorecard.functionaltests.OnlineReviewUser.findElement(OnlineReviewUser.java:736)
	at com.cronos.onlinereview.scorecard.functionaltests.OnlineReviewUser.findElement(OnlineReviewUser.java:722)
	at com.cronos.onlinereview.scorecard.functionaltests.OnlineReviewUser.click(OnlineReviewUser.java:681)
	at com.cronos.onlinereview.scorecard.functionaltests.OnlineReviewUser.createScorecard(OnlineReviewUser.java:347)
	at com.cronos.onlinereview.scorecard.functionaltests.ScenariosCreateScorecard.testScenario5(ScenariosCreateScorecard.java:305)
	at sun.reflect.NativeMethodAccessorImpl.invoke0(Native Method)
	at sun.reflect.NativeMethodAccessorImpl.invoke(NativeMethodAccessorImpl.java:39)
	at sun.reflect.DelegatingMethodAccessorImpl.invoke(DelegatingMethodAccessorImpl.java:25)

Testcase: testScenario6 took 31.766 sec
	Caused an ERROR
0
java.lang.ArrayIndexOutOfBoundsException: 0
	at com.cronos.onlinereview.scorecard.functionaltests.OnlineReviewUser.findElement(OnlineReviewUser.java:736)
	at com.cronos.onlinereview.scorecard.functionaltests.OnlineReviewUser.findElement(OnlineReviewUser.java:722)
	at com.cronos.onlinereview.scorecard.functionaltests.OnlineReviewUser.click(OnlineReviewUser.java:681)
	at com.cronos.onlinereview.scorecard.functionaltests.OnlineReviewUser.createScorecard(OnlineReviewUser.java:347)
	at com.cronos.onlinereview.scorecard.functionaltests.ScenariosCreateScorecard.testScenario6(ScenariosCreateScorecard.java:375)
	at sun.reflect.NativeMethodAccessorImpl.invoke0(Native Method)
	at sun.reflect.NativeMethodAccessorImpl.invoke(NativeMethodAccessorImpl.java:39)
	at sun.reflect.DelegatingMethodAccessorImpl.invoke(DelegatingMethodAccessorImpl.java:25)

Testcase: testScenario7 took 28.156 sec
	Caused an ERROR
0
java.lang.ArrayIndexOutOfBoundsException: 0
	at com.cronos.onlinereview.scorecard.functionaltests.OnlineReviewUser.findElement(OnlineReviewUser.java:736)
	at com.cronos.onlinereview.scorecard.functionaltests.OnlineReviewUser.findElement(OnlineReviewUser.java:722)
	at com.cronos.onlinereview.scorecard.functionaltests.OnlineReviewUser.click(OnlineReviewUser.java:681)
	at com.cronos.onlinereview.scorecard.functionaltests.OnlineReviewUser.createScorecard(OnlineReviewUser.java:347)
	at com.cronos.onlinereview.scorecard.functionaltests.ScenariosCreateScorecard.testScenario7(ScenariosCreateScorecard.java:429)
	at sun.reflect.NativeMethodAccessorImpl.invoke0(Native Method)
	at sun.reflect.NativeMethodAccessorImpl.invoke(NativeMethodAccessorImpl.java:39)
	at sun.reflect.DelegatingMethodAccessorImpl.invoke(DelegatingMethodAccessorImpl.java:25)

Testcase: testScenario8 took 29.375 sec
	Caused an ERROR
0
java.lang.ArrayIndexOutOfBoundsException: 0
	at com.cronos.onlinereview.scorecard.functionaltests.OnlineReviewUser.findElement(OnlineReviewUser.java:736)
	at com.cronos.onlinereview.scorecard.functionaltests.OnlineReviewUser.findElement(OnlineReviewUser.java:722)
	at com.cronos.onlinereview.scorecard.functionaltests.OnlineReviewUser.click(OnlineReviewUser.java:681)
	at com.cronos.onlinereview.scorecard.functionaltests.OnlineReviewUser.createScorecard(OnlineReviewUser.java:347)
	at com.cronos.onlinereview.scorecard.functionaltests.ScenariosCreateScorecard.testScenario8(ScenariosCreateScorecard.java:484)
	at sun.reflect.NativeMethodAccessorImpl.invoke0(Native Method)
	at sun.reflect.NativeMethodAccessorImpl.invoke(NativeMethodAccessorImpl.java:39)
	at sun.reflect.DelegatingMethodAccessorImpl.invoke(DelegatingMethodAccessorImpl.java:25)

Testcase: testScenario18 took 8.406 sec
Testcase: testScenario19 took 18.75 sec
	Caused an ERROR
0
java.lang.ArrayIndexOutOfBoundsException: 0
	at com.cronos.onlinereview.scorecard.functionaltests.OnlineReviewUser.findElement(OnlineReviewUser.java:736)
	at com.cronos.onlinereview.scorecard.functionaltests.OnlineReviewUser.findElement(OnlineReviewUser.java:722)
	at com.cronos.onlinereview.scorecard.functionaltests.OnlineReviewUser.click(OnlineReviewUser.java:681)
	at com.cronos.onlinereview.scorecard.functionaltests.OnlineReviewUser.clickCopyScorecard(OnlineReviewUser.java:166)
	at com.cronos.onlinereview.scorecard.functionaltests.ScenariosCopyScorecard.testScenario19(ScenariosCopyScorecard.java:83)
	at sun.reflect.NativeMethodAccessorImpl.invoke0(Native Method)
	at sun.reflect.NativeMethodAccessorImpl.invoke(NativeMethodAccessorImpl.java:39)
	at sun.reflect.DelegatingMethodAccessorImpl.invoke(DelegatingMethodAccessorImpl.java:25)

Testcase: testScenario20 took 22.219 sec
	Caused an ERROR
0
java.lang.ArrayIndexOutOfBoundsException: 0
	at com.cronos.onlinereview.scorecard.functionaltests.OnlineReviewUser.findElement(OnlineReviewUser.java:736)
	at com.cronos.onlinereview.scorecard.functionaltests.OnlineReviewUser.findElement(OnlineReviewUser.java:722)
	at com.cronos.onlinereview.scorecard.functionaltests.OnlineReviewUser.click(OnlineReviewUser.java:681)
	at com.cronos.onlinereview.scorecard.functionaltests.OnlineReviewUser.clickCopyScorecard(OnlineReviewUser.java:166)
	at com.cronos.onlinereview.scorecard.functionaltests.ScenariosCopyScorecard.testScenario20(ScenariosCopyScorecard.java:116)
	at sun.reflect.NativeMethodAccessorImpl.invoke0(Native Method)
	at sun.reflect.NativeMethodAccessorImpl.invoke(NativeMethodAccessorImpl.java:39)
	at sun.reflect.DelegatingMethodAccessorImpl.invoke(DelegatingMethodAccessorImpl.java:25)

Testcase: testScenario21 took 18.985 sec
	Caused an ERROR
0
java.lang.ArrayIndexOutOfBoundsException: 0
	at com.cronos.onlinereview.scorecard.functionaltests.OnlineReviewUser.findElement(OnlineReviewUser.java:736)
	at com.cronos.onlinereview.scorecard.functionaltests.OnlineReviewUser.findElement(OnlineReviewUser.java:722)
	at com.cronos.onlinereview.scorecard.functionaltests.OnlineReviewUser.click(OnlineReviewUser.java:681)
	at com.cronos.onlinereview.scorecard.functionaltests.OnlineReviewUser.clickCopyScorecard(OnlineReviewUser.java:166)
	at com.cronos.onlinereview.scorecard.functionaltests.ScenariosCopyScorecard.testScenario21(ScenariosCopyScorecard.java:151)
	at sun.reflect.NativeMethodAccessorImpl.invoke0(Native Method)
	at sun.reflect.NativeMethodAccessorImpl.invoke(NativeMethodAccessorImpl.java:39)
	at sun.reflect.DelegatingMethodAccessorImpl.invoke(DelegatingMethodAccessorImpl.java:25)

Testcase: testScenario22 took 15.828 sec
	Caused an ERROR
0
java.lang.ArrayIndexOutOfBoundsException: 0
	at com.cronos.onlinereview.scorecard.functionaltests.OnlineReviewUser.findElement(OnlineReviewUser.java:736)
	at com.cronos.onlinereview.scorecard.functionaltests.OnlineReviewUser.findElement(OnlineReviewUser.java:722)
	at com.cronos.onlinereview.scorecard.functionaltests.OnlineReviewUser.click(OnlineReviewUser.java:681)
	at com.cronos.onlinereview.scorecard.functionaltests.OnlineReviewUser.clickCopyScorecard(OnlineReviewUser.java:166)
	at com.cronos.onlinereview.scorecard.functionaltests.ScenariosCopyScorecard.testScenario22(ScenariosCopyScorecard.java:190)
	at sun.reflect.NativeMethodAccessorImpl.invoke0(Native Method)
	at sun.reflect.NativeMethodAccessorImpl.invoke(NativeMethodAccessorImpl.java:39)
	at sun.reflect.DelegatingMethodAccessorImpl.invoke(DelegatingMethodAccessorImpl.java:25)

Testcase: testScenario23 took 16.156 sec
	Caused an ERROR
0
java.lang.ArrayIndexOutOfBoundsException: 0
	at com.cronos.onlinereview.scorecard.functionaltests.OnlineReviewUser.findElement(OnlineReviewUser.java:736)
	at com.cronos.onlinereview.scorecard.functionaltests.OnlineReviewUser.findElement(OnlineReviewUser.java:722)
	at com.cronos.onlinereview.scorecard.functionaltests.OnlineReviewUser.click(OnlineReviewUser.java:681)
	at com.cronos.onlinereview.scorecard.functionaltests.OnlineReviewUser.clickCopyScorecard(OnlineReviewUser.java:166)
	at com.cronos.onlinereview.scorecard.functionaltests.ScenariosCopyScorecard.testScenario23(ScenariosCopyScorecard.java:228)
	at sun.reflect.NativeMethodAccessorImpl.invoke0(Native Method)
	at sun.reflect.NativeMethodAccessorImpl.invoke(NativeMethodAccessorImpl.java:39)
	at sun.reflect.DelegatingMethodAccessorImpl.invoke(DelegatingMethodAccessorImpl.java:25)

Testcase: testScenario15 took 9.125 sec
Testcase: testScenario16 took 20.078 sec
Testcase: testScenario17 took 21.188 sec
	FAILED
The scorecard has not been set to active.
junit.framework.AssertionFailedError: The scorecard has not been set to active.
	at com.cronos.onlinereview.scorecard.functionaltests.ScenariosSetScorecardStatus.testScenario17(ScenariosSetScorecardStatus.java:97)
	at sun.reflect.NativeMethodAccessorImpl.invoke0(Native Method)
	at sun.reflect.NativeMethodAccessorImpl.invoke(NativeMethodAccessorImpl.java:39)
	at sun.reflect.DelegatingMethodAccessorImpl.invoke(DelegatingMethodAccessorImpl.java:25)

Testcase: testScenario9 took 6.765 sec
Testcase: testScenario10 took 7.375 sec
Testcase: testScenario11 took 18.125 sec
	Caused an ERROR
0
java.lang.ArrayIndexOutOfBoundsException: 0
	at com.cronos.onlinereview.scorecard.functionaltests.OnlineReviewUser.findElement(OnlineReviewUser.java:736)
	at com.cronos.onlinereview.scorecard.functionaltests.OnlineReviewUser.findElement(OnlineReviewUser.java:722)
	at com.cronos.onlinereview.scorecard.functionaltests.OnlineReviewUser.click(OnlineReviewUser.java:681)
	at com.cronos.onlinereview.scorecard.functionaltests.OnlineReviewUser.clickEditScorecard(OnlineReviewUser.java:157)
	at com.cronos.onlinereview.scorecard.functionaltests.ScenariosEditScorecard.testScenario11(ScenariosEditScorecard.java:120)
	at sun.reflect.NativeMethodAccessorImpl.invoke0(Native Method)
	at sun.reflect.NativeMethodAccessorImpl.invoke(NativeMethodAccessorImpl.java:39)
	at sun.reflect.DelegatingMethodAccessorImpl.invoke(DelegatingMethodAccessorImpl.java:25)

Testcase: testScenario12 took 25.031 sec
	Caused an ERROR
0
java.lang.ArrayIndexOutOfBoundsException: 0
	at com.cronos.onlinereview.scorecard.functionaltests.OnlineReviewUser.findElement(OnlineReviewUser.java:736)
	at com.cronos.onlinereview.scorecard.functionaltests.OnlineReviewUser.findElement(OnlineReviewUser.java:722)
	at com.cronos.onlinereview.scorecard.functionaltests.OnlineReviewUser.click(OnlineReviewUser.java:681)
	at com.cronos.onlinereview.scorecard.functionaltests.OnlineReviewUser.clickEditScorecard(OnlineReviewUser.java:157)
	at com.cronos.onlinereview.scorecard.functionaltests.ScenariosEditScorecard.testScenario12(ScenariosEditScorecard.java:151)
	at sun.reflect.NativeMethodAccessorImpl.invoke0(Native Method)
	at sun.reflect.NativeMethodAccessorImpl.invoke(NativeMethodAccessorImpl.java:39)
	at sun.reflect.DelegatingMethodAccessorImpl.invoke(DelegatingMethodAccessorImpl.java:25)

Testcase: testScenario13 took 17.86 sec
	Caused an ERROR
0
java.lang.ArrayIndexOutOfBoundsException: 0
	at com.cronos.onlinereview.scorecard.functionaltests.OnlineReviewUser.findElement(OnlineReviewUser.java:736)
	at com.cronos.onlinereview.scorecard.functionaltests.OnlineReviewUser.findElement(OnlineReviewUser.java:722)
	at com.cronos.onlinereview.scorecard.functionaltests.OnlineReviewUser.click(OnlineReviewUser.java:681)
	at com.cronos.onlinereview.scorecard.functionaltests.OnlineReviewUser.clickEditScorecard(OnlineReviewUser.java:157)
	at com.cronos.onlinereview.scorecard.functionaltests.ScenariosEditScorecard.testScenario13(ScenariosEditScorecard.java:191)
	at sun.reflect.NativeMethodAccessorImpl.invoke0(Native Method)
	at sun.reflect.NativeMethodAccessorImpl.invoke(NativeMethodAccessorImpl.java:39)
	at sun.reflect.DelegatingMethodAccessorImpl.invoke(DelegatingMethodAccessorImpl.java:25)

Testcase: testScenario14 took 19.562 sec
	Caused an ERROR
0
java.lang.ArrayIndexOutOfBoundsException: 0
	at com.cronos.onlinereview.scorecard.functionaltests.OnlineReviewUser.findElement(OnlineReviewUser.java:736)
	at com.cronos.onlinereview.scorecard.functionaltests.OnlineReviewUser.findElement(OnlineReviewUser.java:722)
	at com.cronos.onlinereview.scorecard.functionaltests.OnlineReviewUser.click(OnlineReviewUser.java:681)
	at com.cronos.onlinereview.scorecard.functionaltests.OnlineReviewUser.clickEditScorecard(OnlineReviewUser.java:157)
	at com.cronos.onlinereview.scorecard.functionaltests.ScenariosEditScorecard.testScenario14(ScenariosEditScorecard.java:226)
	at sun.reflect.NativeMethodAccessorImpl.invoke0(Native Method)
	at sun.reflect.NativeMethodAccessorImpl.invoke(NativeMethodAccessorImpl.java:39)
	at sun.reflect.DelegatingMethodAccessorImpl.invoke(DelegatingMethodAccessorImpl.java:25)

